sample/Temp/gradleOut/launcher/build/intermediates/manifest_merge_blame_file/release/manifest-merger-blame-release-report.txt
1<?xml version="1.0" encoding="utf-8"?>
2<!-- GENERATED BY UNITY. REMOVE THIS COMMENT TO PREVENT OVERWRITING WHEN EXPORTING AGAIN -->
3<manifest xmlns:android="http://schemas.android.com/apk/res/android"
4    package="net.gree.webview.sample"
5    android:installLocation="preferExternal"
6    android:versionCode="1"
7    android:versionName="1.0" >
8
9    <uses-sdk
10        android:minSdkVersion="19"
10-->src\main\AndroidManifest.xml
11        android:targetSdkVersion="29" />
11-->src\main\AndroidManifest.xml
12
13    <supports-screens
13-->src\main\AndroidManifest.xml:4:3-163
14        android:anyDensity="true"
14-->src\main\AndroidManifest.xml:4:135-160
15        android:largeScreens="true"
15-->src\main\AndroidManifest.xml:4:78-105
16        android:normalScreens="true"
16-->src\main\AndroidManifest.xml:4:49-77
17        android:smallScreens="true"
17-->src\main\AndroidManifest.xml:4:21-48
18        android:xlargeScreens="true" />
18-->src\main\AndroidManifest.xml:4:106-134
19
20    <uses-feature android:glEsVersion="0x00020000" />
20-->[:unityLibrary] AndroidManifest.xml:13:5-54
20-->[:unityLibrary] AndroidManifest.xml:13:19-51
21
22    <uses-permission android:name="android.permission.INTERNET" />
22-->[:unityLibrary] AndroidManifest.xml:15:5-67
22-->[:unityLibrary] AndroidManifest.xml:15:22-64
23    <uses-permission android:name="android.permission.ACCESS_FINE_LOCATION" />
23-->[:unityLibrary] AndroidManifest.xml:16:5-79
23-->[:unityLibrary] AndroidManifest.xml:16:22-76
24
25    <uses-feature
25-->[:unityLibrary] AndroidManifest.xml:18:5-20:36
26        android:name="android.hardware.location.gps"
26-->[:unityLibrary] AndroidManifest.xml:19:9-53
27        android:required="false" />
27-->[:unityLibrary] AndroidManifest.xml:20:9-33
28    <uses-feature
28-->[:unityLibrary] AndroidManifest.xml:21:5-23:36
29        android:name="android.hardware.location"
29-->[:unityLibrary] AndroidManifest.xml:22:9-49
30        android:required="false" />
30-->[:unityLibrary] AndroidManifest.xml:23:9-33
31    <uses-feature
31-->[:unityLibrary] AndroidManifest.xml:24:5-26:36
32        android:name="android.hardware.touchscreen"
32-->[:unityLibrary] AndroidManifest.xml:25:9-52
33        android:required="false" />
33-->[:unityLibrary] AndroidManifest.xml:26:9-33
34    <uses-feature
34-->[:unityLibrary] AndroidManifest.xml:27:5-29:36
35        android:name="android.hardware.touchscreen.multitouch"
35-->[:unityLibrary] AndroidManifest.xml:28:9-63
36        android:required="false" />
36-->[:unityLibrary] AndroidManifest.xml:29:9-33
37    <uses-feature
37-->[:unityLibrary] AndroidManifest.xml:30:5-32:36
38        android:name="android.hardware.touchscreen.multitouch.distinct"
38-->[:unityLibrary] AndroidManifest.xml:31:9-72
39        android:required="false" />
39-->[:unityLibrary] AndroidManifest.xml:32:9-33
40
41    <application
41-->src\main\AndroidManifest.xml:5:3-154
42        android:banner="@drawable/app_banner"
42-->src\main\AndroidManifest.xml:5:114-151
43        android:extractNativeLibs="true"
43-->src\main\AndroidManifest.xml:5:16-48
44        android:icon="@mipmap/app_icon"
44-->src\main\AndroidManifest.xml:5:82-113
45        android:isGame="true"
45-->[:unityLibrary] AndroidManifest.xml:34:18-39
46        android:label="@string/app_name" >
46-->src\main\AndroidManifest.xml:5:49-81
47        <activity
47-->[:unityLibrary] AndroidManifest.xml:35:9-55:20
48            android:name="com.unity3d.player.UnityPlayerActivity"
48-->[:unityLibrary] AndroidManifest.xml:36:13-66
49            android:configChanges="mcc|mnc|locale|touchscreen|keyboard|keyboardHidden|navigation|orientation|screenLayout|uiMode|screenSize|smallestScreenSize|fontScale|layoutDirection|density"
49-->[:unityLibrary] AndroidManifest.xml:37:13-194
50            android:hardwareAccelerated="true"
50-->[:unityLibrary] AndroidManifest.xml:38:13-47
51            android:launchMode="singleTask"
51-->[:unityLibrary] AndroidManifest.xml:39:13-44
52            android:screenOrientation="fullSensor"
52-->[:unityLibrary] AndroidManifest.xml:40:13-51
53            android:theme="@style/UnityThemeSelector" >
53-->[:unityLibrary] AndroidManifest.xml:41:13-54
54            <intent-filter>
54-->[:unityLibrary] AndroidManifest.xml:42:13-47:29
55                <action android:name="android.intent.action.MAIN" />
55-->[:unityLibrary] AndroidManifest.xml:43:17-69
55-->[:unityLibrary] AndroidManifest.xml:43:25-66
56
57                <category android:name="android.intent.category.LAUNCHER" />
57-->[:unityLibrary] AndroidManifest.xml:45:17-77
57-->[:unityLibrary] AndroidManifest.xml:45:27-74
58                <category android:name="android.intent.category.LEANBACK_LAUNCHER" />
58-->[:unityLibrary] AndroidManifest.xml:46:17-86
58-->[:unityLibrary] AndroidManifest.xml:46:27-83
59            </intent-filter>
60
61            <meta-data
61-->[:unityLibrary] AndroidManifest.xml:49:13-51:40
62                android:name="unityplayer.UnityActivity"
62-->[:unityLibrary] AndroidManifest.xml:50:17-57
63                android:value="true" />
63-->[:unityLibrary] AndroidManifest.xml:51:17-37
64            <meta-data
64-->[:unityLibrary] AndroidManifest.xml:52:13-54:40
65                android:name="android.notch_support"
65-->[:unityLibrary] AndroidManifest.xml:53:17-53
66                android:value="true" />
66-->[:unityLibrary] AndroidManifest.xml:54:17-37
67        </activity>
68
69        <meta-data
69-->[:unityLibrary] AndroidManifest.xml:57:9-59:33
70            android:name="unity.splash-mode"
70-->[:unityLibrary] AndroidManifest.xml:58:13-45
71            android:value="0" />
71-->[:unityLibrary] AndroidManifest.xml:59:13-30
72        <meta-data
72-->[:unityLibrary] AndroidManifest.xml:60:9-62:36
73            android:name="unity.splash-enable"
73-->[:unityLibrary] AndroidManifest.xml:61:13-47
74            android:value="True" />
74-->[:unityLibrary] AndroidManifest.xml:62:13-33
75        <meta-data
75-->[:unityLibrary] AndroidManifest.xml:63:9-65:50
76            android:name="notch.config"
76-->[:unityLibrary] AndroidManifest.xml:64:13-40
77            android:value="portrait|landscape" />
77-->[:unityLibrary] AndroidManifest.xml:65:13-47
78        <meta-data
78-->[:unityLibrary] AndroidManifest.xml:66:9-68:68
79            android:name="unity.build-id"
79-->[:unityLibrary] AndroidManifest.xml:67:13-42
80            android:value="d9f5c685-3f70-48d0-8ccb-dddbe1eacceb" />
80-->[:unityLibrary] AndroidManifest.xml:68:13-65
81    </application>
82
83</manifest>